[debug] [2023-04-29T08:19:28.664Z] ----------------------------------------------------------------------
[debug] [2023-04-29T08:19:28.667Z] Command:       C:\Program Files\nodejs\node.exe C:\Users\csipe\AppData\Roaming\npm\node_modules\firebase-tools\lib\bin\firebase.js deploy
[debug] [2023-04-29T08:19:28.668Z] CLI Version:   11.25.2
[debug] [2023-04-29T08:19:28.669Z] Platform:      win32
[debug] [2023-04-29T08:19:28.669Z] Node Version:  v18.13.0
[debug] [2023-04-29T08:19:28.670Z] Time:          Sat Apr 29 2023 13:49:28 GMT+0530 (India Standard Time)
[debug] [2023-04-29T08:19:28.671Z] ----------------------------------------------------------------------
[debug] 
[debug] [2023-04-29T08:19:28.761Z] > command requires scopes: ["email","openid","https://www.googleapis.com/auth/cloudplatformprojects.readonly","https://www.googleapis.com/auth/firebase","https://www.googleapis.com/auth/cloud-platform"]
[debug] [2023-04-29T08:19:28.761Z] > authorizing via signed-in user (reshabn.csst@gmail.com)
[debug] [2023-04-29T08:19:28.762Z] [iam] checking project uducate-poc for permissions ["firebase.projects.get","firebasehosting.sites.update"]
[debug] [2023-04-29T08:19:28.764Z] >>> [apiv2][query] POST https://cloudresourcemanager.googleapis.com/v1/projects/uducate-poc:testIamPermissions [none]
[debug] [2023-04-29T08:19:28.765Z] >>> [apiv2][(partial)header] POST https://cloudresourcemanager.googleapis.com/v1/projects/uducate-poc:testIamPermissions x-goog-quota-user=projects/uducate-poc
[debug] [2023-04-29T08:19:28.765Z] >>> [apiv2][body] POST https://cloudresourcemanager.googleapis.com/v1/projects/uducate-poc:testIamPermissions {"permissions":["firebase.projects.get","firebasehosting.sites.update"]}
[debug] [2023-04-29T08:19:30.450Z] <<< [apiv2][status] POST https://cloudresourcemanager.googleapis.com/v1/projects/uducate-poc:testIamPermissions 200
[debug] [2023-04-29T08:19:30.452Z] <<< [apiv2][body] POST https://cloudresourcemanager.googleapis.com/v1/projects/uducate-poc:testIamPermissions {}
[debug] [2023-04-29T08:19:30.453Z] [iam] error while checking permissions, command may fail: FirebaseError: Authorization failed. This account is missing the following required permissions on project uducate-poc:

  firebase.projects.get
  firebasehosting.sites.update
[debug] [2023-04-29T08:19:30.459Z] >>> [apiv2][query] GET https://firebase.googleapis.com/v1beta1/projects/uducate-poc [none]
[debug] [2023-04-29T08:19:31.286Z] <<< [apiv2][status] GET https://firebase.googleapis.com/v1beta1/projects/uducate-poc 403
[debug] [2023-04-29T08:19:31.286Z] <<< [apiv2][body] GET https://firebase.googleapis.com/v1beta1/projects/uducate-poc {"error":{"code":403,"message":"The caller does not have permission","status":"PERMISSION_DENIED"}}
[debug] [2023-04-29T08:19:31.287Z] HTTP Error: 403, The caller does not have permission
[debug] [2023-04-29T08:19:31.630Z] FirebaseError: HTTP Error: 403, The caller does not have permission
    at responseToError (C:\Users\csipe\AppData\Roaming\npm\node_modules\firebase-tools\lib\responseToError.js:49:12)
    at RetryOperation._fn (C:\Users\csipe\AppData\Roaming\npm\node_modules\firebase-tools\lib\apiv2.js:288:77)
    at process.processTicksAndRejections (node:internal/process/task_queues:95:5)
[error] 
[error] Error: Failed to get Firebase project uducate-poc. Please make sure the project exists and your account has permission to access it.
